<!DOCTYPE html>
<html>
<head>
<meta http-equiv="Content-Type" content="text/html; charset=utf-8"/>
<meta http-equiv="x-ua-compatible" content="IE=edge"/>
<title>Test results - NifflerCurrencyGrpcTest</title>
<link href="../css/base-style.css" rel="stylesheet" type="text/css"/>
<link href="../css/style.css" rel="stylesheet" type="text/css"/>
<script src="../js/report.js" type="text/javascript"></script>
</head>
<body>
<div id="content">
<h1>NifflerCurrencyGrpcTest</h1>
<div class="breadcrumbs">
<a href="../index.html">all</a> &gt; 
<a href="../packages/guru.qa.niffler.test.grpc.html">guru.qa.niffler.test.grpc</a> &gt; NifflerCurrencyGrpcTest</div>
<div id="summary">
<table>
<tr>
<td>
<div class="summaryGroup">
<table>
<tr>
<td>
<div class="infoBox" id="tests">
<div class="counter">3</div>
<p>tests</p>
</div>
</td>
<td>
<div class="infoBox" id="failures">
<div class="counter">2</div>
<p>failures</p>
</div>
</td>
<td>
<div class="infoBox" id="ignored">
<div class="counter">0</div>
<p>ignored</p>
</div>
</td>
<td>
<div class="infoBox" id="duration">
<div class="counter">1.684s</div>
<p>duration</p>
</div>
</td>
</tr>
</table>
</div>
</td>
<td>
<div class="infoBox failures" id="successRate">
<div class="percent">33%</div>
<p>successful</p>
</div>
</td>
</tr>
</table>
</div>
<div id="tabs">
<ul class="tabLinks">
<li>
<a href="#tab0">Failed tests</a>
</li>
<li>
<a href="#tab1">Tests</a>
</li>
</ul>
<div id="tab0" class="tab">
<h2>Failed tests</h2>
<div class="test">
<a name="calculateRateTest(CurrencyValues, CurrencyValues, double, double)[1]"></a>
<h3 class="failures">При пересчете из USD в RUB суммы 100.0 должен возвращаться результат 6666.67</h3>
<span class="code">
<pre>io.grpc.StatusRuntimeException: NOT_FOUND: 
                                               Request was not matched
                                               =======================

-----------------------------------------------------------------------------------------------------------------------
| Closest stub                                             | Request                                                  |
-----------------------------------------------------------------------------------------------------------------------
                                                           |
POST                                                       | POST
/NifflerCurrencyService/calculateRate                      | /NifflerCurrencyService/calculateRate
                                                           |
{                                                          | {                                                   &lt;&lt;&lt;&lt;&lt; Body does not match
  &quot;spendCurrency&quot; : &quot;USD&quot;,                                 |   &quot;spendCurrency&quot; : &quot;USD&quot;,
  &quot;desiredCurrency&quot; : &quot;USD&quot;,                               |   &quot;amount&quot; : 100
  &quot;amount&quot; : 100                                           | }
}                                                          |
                                                           |
-----------------------------------------------------------------------------------------------------------------------

	at app//io.grpc.stub.ClientCalls.toStatusRuntimeException(ClientCalls.java:271)
	at app//io.grpc.stub.ClientCalls.getUnchecked(ClientCalls.java:252)
	at app//io.grpc.stub.ClientCalls.blockingUnaryCall(ClientCalls.java:165)
	at app//guru.qa.grpc.niffler.grpc.NifflerCurrencyServiceGrpc$NifflerCurrencyServiceBlockingStub.calculateRate(NifflerCurrencyServiceGrpc.java:217)
	at app//guru.qa.niffler.test.grpc.NifflerCurrencyGrpcTest.lambda$calculateRateTest$6(NifflerCurrencyGrpcTest.java:80)
	at app//io.qameta.allure.Allure.lambda$step$1(Allure.java:127)
	at app//io.qameta.allure.Allure.step(Allure.java:181)
	at app//io.qameta.allure.Allure.step(Allure.java:125)
	at app//guru.qa.niffler.test.grpc.NifflerCurrencyGrpcTest.calculateRateTest(NifflerCurrencyGrpcTest.java:79)
	at java.base@19.0.2/jdk.internal.reflect.DirectMethodHandleAccessor.invoke(DirectMethodHandleAccessor.java:104)
	at java.base@19.0.2/java.lang.reflect.Method.invoke(Method.java:578)
	at app//org.junit.platform.commons.util.ReflectionUtils.invokeMethod(ReflectionUtils.java:727)
	at app//org.junit.jupiter.engine.execution.MethodInvocation.proceed(MethodInvocation.java:60)
	at app//org.junit.jupiter.engine.execution.InvocationInterceptorChain$ValidatingInvocation.proceed(InvocationInterceptorChain.java:131)
	at app//io.qameta.allure.junit5.AllureJunit5.interceptTestTemplateMethod(AllureJunit5.java:59)
	at app//org.junit.jupiter.engine.execution.InterceptingExecutableInvoker$ReflectiveInterceptorCall.lambda$ofVoidMethod$0(InterceptingExecutableInvoker.java:103)
	at app//org.junit.jupiter.engine.execution.InterceptingExecutableInvoker.lambda$invoke$0(InterceptingExecutableInvoker.java:93)
	at app//org.junit.jupiter.engine.execution.InvocationInterceptorChain$InterceptedInvocation.proceed(InvocationInterceptorChain.java:106)
	at app//org.junit.jupiter.engine.extension.TimeoutExtension.intercept(TimeoutExtension.java:156)
	at app//org.junit.jupiter.engine.extension.TimeoutExtension.interceptTestableMethod(TimeoutExtension.java:147)
	at app//org.junit.jupiter.engine.extension.TimeoutExtension.interceptTestTemplateMethod(TimeoutExtension.java:94)
	at app//org.junit.jupiter.engine.execution.InterceptingExecutableInvoker$ReflectiveInterceptorCall.lambda$ofVoidMethod$0(InterceptingExecutableInvoker.java:103)
	at app//org.junit.jupiter.engine.execution.InterceptingExecutableInvoker.lambda$invoke$0(InterceptingExecutableInvoker.java:93)
	at app//org.junit.jupiter.engine.execution.InvocationInterceptorChain$InterceptedInvocation.proceed(InvocationInterceptorChain.java:106)
	at app//org.junit.jupiter.engine.execution.InvocationInterceptorChain.proceed(InvocationInterceptorChain.java:64)
	at app//org.junit.jupiter.engine.execution.InvocationInterceptorChain.chainAndInvoke(InvocationInterceptorChain.java:45)
	at app//org.junit.jupiter.engine.execution.InvocationInterceptorChain.invoke(InvocationInterceptorChain.java:37)
	at app//org.junit.jupiter.engine.execution.InterceptingExecutableInvoker.invoke(InterceptingExecutableInvoker.java:92)
	at app//org.junit.jupiter.engine.execution.InterceptingExecutableInvoker.invoke(InterceptingExecutableInvoker.java:86)
	at app//org.junit.jupiter.engine.descriptor.TestMethodTestDescriptor.lambda$invokeTestMethod$7(TestMethodTestDescriptor.java:217)
	at app//org.junit.platform.engine.support.hierarchical.ThrowableCollector.execute(ThrowableCollector.java:73)
	at app//org.junit.jupiter.engine.descriptor.TestMethodTestDescriptor.invokeTestMethod(TestMethodTestDescriptor.java:213)
	at app//org.junit.jupiter.engine.descriptor.TestMethodTestDescriptor.execute(TestMethodTestDescriptor.java:138)
	at app//org.junit.jupiter.engine.descriptor.TestMethodTestDescriptor.execute(TestMethodTestDescriptor.java:68)
	at app//org.junit.platform.engine.support.hierarchical.NodeTestTask.lambda$executeRecursively$6(NodeTestTask.java:151)
	at app//org.junit.platform.engine.support.hierarchical.ThrowableCollector.execute(ThrowableCollector.java:73)
	at app//org.junit.platform.engine.support.hierarchical.NodeTestTask.lambda$executeRecursively$8(NodeTestTask.java:141)
	at app//org.junit.platform.engine.support.hierarchical.Node.around(Node.java:137)
	at app//org.junit.platform.engine.support.hierarchical.NodeTestTask.lambda$executeRecursively$9(NodeTestTask.java:139)
	at app//org.junit.platform.engine.support.hierarchical.ThrowableCollector.execute(ThrowableCollector.java:73)
	at app//org.junit.platform.engine.support.hierarchical.NodeTestTask.executeRecursively(NodeTestTask.java:138)
	at app//org.junit.platform.engine.support.hierarchical.NodeTestTask.execute(NodeTestTask.java:95)
	at app//org.junit.platform.engine.support.hierarchical.ForkJoinPoolHierarchicalTestExecutorService$ExclusiveTask.compute(ForkJoinPoolHierarchicalTestExecutorService.java:202)
	at java.base@19.0.2/java.util.concurrent.RecursiveAction.exec(RecursiveAction.java:194)
	at java.base@19.0.2/java.util.concurrent.ForkJoinTask.doExec(ForkJoinTask.java:387)
	at java.base@19.0.2/java.util.concurrent.ForkJoinPool$WorkQueue.topLevelExec(ForkJoinPool.java:1311)
	at java.base@19.0.2/java.util.concurrent.ForkJoinPool.scan(ForkJoinPool.java:1841)
	at java.base@19.0.2/java.util.concurrent.ForkJoinPool.runWorker(ForkJoinPool.java:1806)
	at java.base@19.0.2/java.util.concurrent.ForkJoinWorkerThread.run(ForkJoinWorkerThread.java:177)
</pre>
</span>
</div>
<div class="test">
<a name="calculateRateTest(CurrencyValues, CurrencyValues, double, double)[3]"></a>
<h3 class="failures">При пересчете из RUB в USD суммы 100.0 должен возвращаться результат 1.5</h3>
<span class="code">
<pre>io.grpc.StatusRuntimeException: NOT_FOUND: 
                                               Request was not matched
                                               =======================

-----------------------------------------------------------------------------------------------------------------------
| Closest stub                                             | Request                                                  |
-----------------------------------------------------------------------------------------------------------------------
                                                           |
POST                                                       | POST
/NifflerCurrencyService/calculateRate                      | /NifflerCurrencyService/calculateRate
                                                           |
{                                                          | {                                                   &lt;&lt;&lt;&lt;&lt; Body does not match
  &quot;spendCurrency&quot; : &quot;USD&quot;,                                 |   &quot;desiredCurrency&quot; : &quot;USD&quot;,
  &quot;desiredCurrency&quot; : &quot;USD&quot;,                               |   &quot;amount&quot; : 100
  &quot;amount&quot; : 100                                           | }
}                                                          |
                                                           |
-----------------------------------------------------------------------------------------------------------------------

	at app//io.grpc.stub.ClientCalls.toStatusRuntimeException(ClientCalls.java:271)
	at app//io.grpc.stub.ClientCalls.getUnchecked(ClientCalls.java:252)
	at app//io.grpc.stub.ClientCalls.blockingUnaryCall(ClientCalls.java:165)
	at app//guru.qa.grpc.niffler.grpc.NifflerCurrencyServiceGrpc$NifflerCurrencyServiceBlockingStub.calculateRate(NifflerCurrencyServiceGrpc.java:217)
	at app//guru.qa.niffler.test.grpc.NifflerCurrencyGrpcTest.lambda$calculateRateTest$6(NifflerCurrencyGrpcTest.java:80)
	at app//io.qameta.allure.Allure.lambda$step$1(Allure.java:127)
	at app//io.qameta.allure.Allure.step(Allure.java:181)
	at app//io.qameta.allure.Allure.step(Allure.java:125)
	at app//guru.qa.niffler.test.grpc.NifflerCurrencyGrpcTest.calculateRateTest(NifflerCurrencyGrpcTest.java:79)
	at java.base@19.0.2/jdk.internal.reflect.DirectMethodHandleAccessor.invoke(DirectMethodHandleAccessor.java:104)
	at java.base@19.0.2/java.lang.reflect.Method.invoke(Method.java:578)
	at app//org.junit.platform.commons.util.ReflectionUtils.invokeMethod(ReflectionUtils.java:727)
	at app//org.junit.jupiter.engine.execution.MethodInvocation.proceed(MethodInvocation.java:60)
	at app//org.junit.jupiter.engine.execution.InvocationInterceptorChain$ValidatingInvocation.proceed(InvocationInterceptorChain.java:131)
	at app//io.qameta.allure.junit5.AllureJunit5.interceptTestTemplateMethod(AllureJunit5.java:59)
	at app//org.junit.jupiter.engine.execution.InterceptingExecutableInvoker$ReflectiveInterceptorCall.lambda$ofVoidMethod$0(InterceptingExecutableInvoker.java:103)
	at app//org.junit.jupiter.engine.execution.InterceptingExecutableInvoker.lambda$invoke$0(InterceptingExecutableInvoker.java:93)
	at app//org.junit.jupiter.engine.execution.InvocationInterceptorChain$InterceptedInvocation.proceed(InvocationInterceptorChain.java:106)
	at app//org.junit.jupiter.engine.extension.TimeoutExtension.intercept(TimeoutExtension.java:156)
	at app//org.junit.jupiter.engine.extension.TimeoutExtension.interceptTestableMethod(TimeoutExtension.java:147)
	at app//org.junit.jupiter.engine.extension.TimeoutExtension.interceptTestTemplateMethod(TimeoutExtension.java:94)
	at app//org.junit.jupiter.engine.execution.InterceptingExecutableInvoker$ReflectiveInterceptorCall.lambda$ofVoidMethod$0(InterceptingExecutableInvoker.java:103)
	at app//org.junit.jupiter.engine.execution.InterceptingExecutableInvoker.lambda$invoke$0(InterceptingExecutableInvoker.java:93)
	at app//org.junit.jupiter.engine.execution.InvocationInterceptorChain$InterceptedInvocation.proceed(InvocationInterceptorChain.java:106)
	at app//org.junit.jupiter.engine.execution.InvocationInterceptorChain.proceed(InvocationInterceptorChain.java:64)
	at app//org.junit.jupiter.engine.execution.InvocationInterceptorChain.chainAndInvoke(InvocationInterceptorChain.java:45)
	at app//org.junit.jupiter.engine.execution.InvocationInterceptorChain.invoke(InvocationInterceptorChain.java:37)
	at app//org.junit.jupiter.engine.execution.InterceptingExecutableInvoker.invoke(InterceptingExecutableInvoker.java:92)
	at app//org.junit.jupiter.engine.execution.InterceptingExecutableInvoker.invoke(InterceptingExecutableInvoker.java:86)
	at app//org.junit.jupiter.engine.descriptor.TestMethodTestDescriptor.lambda$invokeTestMethod$7(TestMethodTestDescriptor.java:217)
	at app//org.junit.platform.engine.support.hierarchical.ThrowableCollector.execute(ThrowableCollector.java:73)
	at app//org.junit.jupiter.engine.descriptor.TestMethodTestDescriptor.invokeTestMethod(TestMethodTestDescriptor.java:213)
	at app//org.junit.jupiter.engine.descriptor.TestMethodTestDescriptor.execute(TestMethodTestDescriptor.java:138)
	at app//org.junit.jupiter.engine.descriptor.TestMethodTestDescriptor.execute(TestMethodTestDescriptor.java:68)
	at app//org.junit.platform.engine.support.hierarchical.NodeTestTask.lambda$executeRecursively$6(NodeTestTask.java:151)
	at app//org.junit.platform.engine.support.hierarchical.ThrowableCollector.execute(ThrowableCollector.java:73)
	at app//org.junit.platform.engine.support.hierarchical.NodeTestTask.lambda$executeRecursively$8(NodeTestTask.java:141)
	at app//org.junit.platform.engine.support.hierarchical.Node.around(Node.java:137)
	at app//org.junit.platform.engine.support.hierarchical.NodeTestTask.lambda$executeRecursively$9(NodeTestTask.java:139)
	at app//org.junit.platform.engine.support.hierarchical.ThrowableCollector.execute(ThrowableCollector.java:73)
	at app//org.junit.platform.engine.support.hierarchical.NodeTestTask.executeRecursively(NodeTestTask.java:138)
	at app//org.junit.platform.engine.support.hierarchical.NodeTestTask.execute(NodeTestTask.java:95)
	at app//org.junit.platform.engine.support.hierarchical.ForkJoinPoolHierarchicalTestExecutorService$ExclusiveTask.compute(ForkJoinPoolHierarchicalTestExecutorService.java:202)
	at java.base@19.0.2/java.util.concurrent.RecursiveAction.exec(RecursiveAction.java:194)
	at java.base@19.0.2/java.util.concurrent.ForkJoinTask.doExec(ForkJoinTask.java:387)
	at java.base@19.0.2/java.util.concurrent.ForkJoinPool$WorkQueue.topLevelExec(ForkJoinPool.java:1311)
	at java.base@19.0.2/java.util.concurrent.ForkJoinPool.scan(ForkJoinPool.java:1841)
	at java.base@19.0.2/java.util.concurrent.ForkJoinPool.runWorker(ForkJoinPool.java:1806)
	at java.base@19.0.2/java.util.concurrent.ForkJoinWorkerThread.run(ForkJoinWorkerThread.java:177)
</pre>
</span>
</div>
</div>
<div id="tab1" class="tab">
<h2>Tests</h2>
<table>
<thead>
<tr>
<th>Test</th>
<th>Method name</th>
<th>Duration</th>
<th>Result</th>
</tr>
</thead>
<tr>
<td class="failures">При пересчете из USD в RUB суммы 100.0 должен возвращаться результат 6666.67</td>
<td class="failures">calculateRateTest(CurrencyValues, CurrencyValues, double, double)[1]</td>
<td class="failures">0.561s</td>
<td class="failures">failed</td>
</tr>
<tr>
<td class="success">При пересчете из USD в USD суммы 100.0 должен возвращаться результат 100.0</td>
<td class="success">calculateRateTest(CurrencyValues, CurrencyValues, double, double)[2]</td>
<td class="success">0.561s</td>
<td class="success">passed</td>
</tr>
<tr>
<td class="failures">При пересчете из RUB в USD суммы 100.0 должен возвращаться результат 1.5</td>
<td class="failures">calculateRateTest(CurrencyValues, CurrencyValues, double, double)[3]</td>
<td class="failures">0.562s</td>
<td class="failures">failed</td>
</tr>
</table>
</div>
</div>
<div id="footer">
<p>
<div>
<label class="hidden" id="label-for-line-wrapping-toggle" for="line-wrapping-toggle">Wrap lines
<input id="line-wrapping-toggle" type="checkbox" autocomplete="off"/>
</label>
</div>Generated by 
<a href="http://www.gradle.org">Gradle 7.6</a> at Jun 22, 2023, 12:25:24 AM</p>
</div>
</div>
</body>
</html>
